build/app/intermediates/manifest_merge_blame_file/release/manifest-merger-blame-release-report.txt
1<?xml version="1.0" encoding="utf-8"?>
2<manifest xmlns:android="http://schemas.android.com/apk/res/android"
3    package="com.esportscrystal.esportscrystal"
4    android:versionCode="9"
5    android:versionName="1.0.8" >
6
7    <uses-sdk
8        android:minSdkVersion="19"
8-->src/main/AndroidManifest.xml
9        android:targetSdkVersion="30" />
9-->src/main/AndroidManifest.xml
10
11    <uses-permission android:name="android.permission.INTERNET" />
11-->src/main/AndroidManifest.xml:3:4-66
11-->src/main/AndroidManifest.xml:3:21-63
12    <uses-permission android:name="android.permission.ACCESS_NETWORK_STATE" />
12-->[:firebase_analytics] AndroidManifest.xml:7:5-79
12-->[:firebase_analytics] AndroidManifest.xml:7:22-76
13    <uses-permission android:name="android.permission.WAKE_LOCK" />
13-->[:firebase_analytics] AndroidManifest.xml:9:5-68
13-->[:firebase_analytics] AndroidManifest.xml:9:22-65
14    <uses-permission android:name="android.permission.RECEIVE_BOOT_COMPLETED" />
14-->[:flutter_local_notifications] AndroidManifest.xml:7:5-81
14-->[:flutter_local_notifications] AndroidManifest.xml:7:22-78
15    <uses-permission android:name="android.permission.VIBRATE" />
15-->[:flutter_local_notifications] AndroidManifest.xml:8:5-66
15-->[:flutter_local_notifications] AndroidManifest.xml:8:22-63
16    <uses-permission android:name="android.permission.USE_FULL_SCREEN_INTENT" />
16-->[:flutter_local_notifications] AndroidManifest.xml:9:5-81
16-->[:flutter_local_notifications] AndroidManifest.xml:9:22-78
17    <uses-permission android:name="android.permission.SCHEDULE_EXACT_ALARM" />
17-->[:flutter_local_notifications] AndroidManifest.xml:10:5-79
17-->[:flutter_local_notifications] AndroidManifest.xml:10:22-76
18    <uses-permission android:name="com.google.android.finsky.permission.BIND_GET_INSTALL_REFERRER_SERVICE" /> <!-- Android package visibility setting -->
18-->[com.google.android.gms:play-services-measurement:20.0.0] AndroidManifest.xml:26:5-110
18-->[com.google.android.gms:play-services-measurement:20.0.0] AndroidManifest.xml:26:22-107
19    <queries>
19-->[com.google.android.gms:play-services-ads-lite:20.1.0] AndroidManifest.xml:27:5-43:15
20
21        <!-- For browser content -->
22        <intent>
22-->[com.google.android.gms:play-services-ads-lite:20.1.0] AndroidManifest.xml:30:9-36:18
23            <action android:name="android.intent.action.VIEW" />
23-->[com.google.android.gms:play-services-ads-lite:20.1.0] AndroidManifest.xml:31:13-65
23-->[com.google.android.gms:play-services-ads-lite:20.1.0] AndroidManifest.xml:31:21-62
24
25            <category android:name="android.intent.category.BROWSABLE" />
25-->[com.google.android.gms:play-services-ads-lite:20.1.0] AndroidManifest.xml:33:13-74
25-->[com.google.android.gms:play-services-ads-lite:20.1.0] AndroidManifest.xml:33:23-71
26
27            <data android:scheme="https" />
27-->[com.google.android.gms:play-services-ads-lite:20.1.0] AndroidManifest.xml:35:13-44
27-->[com.google.android.gms:play-services-ads-lite:20.1.0] AndroidManifest.xml:35:19-41
28        </intent>
29        <!-- End of browser content -->
30        <!-- For CustomTabsService -->
31        <intent>
31-->[com.google.android.gms:play-services-ads-lite:20.1.0] AndroidManifest.xml:39:9-41:18
32            <action android:name="android.support.customtabs.action.CustomTabsService" />
32-->[com.google.android.gms:play-services-ads-lite:20.1.0] AndroidManifest.xml:40:13-90
32-->[com.google.android.gms:play-services-ads-lite:20.1.0] AndroidManifest.xml:40:21-87
33        </intent>
34        <!-- End of CustomTabsService -->
35    </queries>
36
37    <application
37-->src/main/AndroidManifest.xml:4:4-44:19
38        android:name="androidx.multidex.MultiDexApplication"
39        android:appComponentFactory="androidx.core.app.CoreComponentFactory"
39-->[androidx.core:core:1.6.0] AndroidManifest.xml:24:18-86
40        android:icon="@mipmap/launcher_icon"
40-->src/main/AndroidManifest.xml:6:9-45
41        android:label="Crystal" >
41-->src/main/AndroidManifest.xml:5:9-32
42        <activity
42-->src/main/AndroidManifest.xml:7:9-35:20
43            android:name="com.esportscrystal.esportscrystal.MainActivity"
43-->src/main/AndroidManifest.xml:8:13-41
44            android:configChanges="orientation|keyboardHidden|keyboard|screenSize|smallestScreenSize|locale|layoutDirection|fontScale|screenLayout|density|uiMode"
44-->src/main/AndroidManifest.xml:11:13-163
45            android:hardwareAccelerated="true"
45-->src/main/AndroidManifest.xml:12:13-47
46            android:launchMode="singleTop"
46-->src/main/AndroidManifest.xml:9:13-43
47            android:theme="@style/LaunchTheme"
47-->src/main/AndroidManifest.xml:10:13-47
48            android:windowSoftInputMode="adjustResize" >
48-->src/main/AndroidManifest.xml:13:13-55
49
50            <!--
51                 Specifies an Android theme to apply to this Activity as soon as
52                 the Android process has started. This theme is visible to the user
53                 while the Flutter UI initializes. After that, this theme continues
54                 to determine the Window background behind the Flutter UI.
55            -->
56            <meta-data
56-->src/main/AndroidManifest.xml:18:13-21:17
57                android:name="io.flutter.embedding.android.NormalTheme"
57-->src/main/AndroidManifest.xml:19:15-70
58                android:resource="@style/NormalTheme" />
58-->src/main/AndroidManifest.xml:20:15-52
59            <!--
60                 Displays an Android View that continues showing the launch screen
61                 Drawable until Flutter paints its first frame, then this splash
62                 screen fades out. A splash screen is useful to avoid any visual
63                 gap between the end of Android's launch screen and the painting of
64                 Flutter's first frame.
65            -->
66            <meta-data
66-->src/main/AndroidManifest.xml:27:13-30:17
67                android:name="io.flutter.embedding.android.SplashScreenDrawable"
67-->src/main/AndroidManifest.xml:28:15-79
68                android:resource="@drawable/launch_background" />
68-->src/main/AndroidManifest.xml:29:15-61
69
70            <intent-filter>
70-->src/main/AndroidManifest.xml:31:13-34:29
71                <action android:name="android.intent.action.MAIN" />
71-->src/main/AndroidManifest.xml:32:17-68
71-->src/main/AndroidManifest.xml:32:25-66
72
73                <category android:name="android.intent.category.LAUNCHER" />
73-->src/main/AndroidManifest.xml:33:17-76
73-->src/main/AndroidManifest.xml:33:27-74
74            </intent-filter>
75        </activity>
76        <!--
77             Don't delete the meta-data below.
78             This is used by the Flutter tool to generate GeneratedPluginRegistrant.java
79        -->
80        <meta-data
80-->src/main/AndroidManifest.xml:38:9-40:33
81            android:name="flutterEmbedding"
81-->src/main/AndroidManifest.xml:39:13-44
82            android:value="2" />
82-->src/main/AndroidManifest.xml:40:13-30
83        <meta-data
83-->src/main/AndroidManifest.xml:41:8-43:68
84            android:name="com.google.android.gms.ads.APPLICATION_ID"
84-->src/main/AndroidManifest.xml:42:12-68
85            android:value="ca-app-pub-9538373288427581~1768775105" />
85-->src/main/AndroidManifest.xml:43:12-66
86        <meta-data
86-->[:google_mobile_ads] AndroidManifest.xml:10:9-12:36
87            android:name="io.flutter.embedded_views_preview"
87-->[:google_mobile_ads] AndroidManifest.xml:11:13-61
88            android:value="true" />
88-->[:google_mobile_ads] AndroidManifest.xml:12:13-33
89
90        <activity
90-->[:url_launcher] AndroidManifest.xml:8:9-11:74
91            android:name="io.flutter.plugins.urllauncher.WebViewActivity"
91-->[:url_launcher] AndroidManifest.xml:9:13-74
92            android:exported="false"
92-->[:url_launcher] AndroidManifest.xml:10:13-37
93            android:theme="@android:style/Theme.NoTitleBar.Fullscreen" />
93-->[:url_launcher] AndroidManifest.xml:11:13-71
94
95        <service
95-->[:firebase_analytics] AndroidManifest.xml:12:9-16:19
96            android:name="com.google.firebase.components.ComponentDiscoveryService"
96-->[:firebase_analytics] AndroidManifest.xml:12:18-89
97            android:directBootAware="true"
97-->[com.google.firebase:firebase-common:20.0.0] AndroidManifest.xml:35:13-43
98            android:exported="false" >
98-->[com.google.android.gms:play-services-measurement-api:20.0.0] AndroidManifest.xml:29:13-37
99            <meta-data
99-->[:firebase_analytics] AndroidManifest.xml:13:13-15:85
100                android:name="com.google.firebase.components:io.flutter.plugins.firebaseanalytics.FlutterFirebaseAppRegistrar"
100-->[:firebase_analytics] AndroidManifest.xml:14:17-127
101                android:value="com.google.firebase.components.ComponentRegistrar" />
101-->[:firebase_analytics] AndroidManifest.xml:15:17-82
102            <meta-data
102-->[:firebase_core] AndroidManifest.xml:9:13-11:85
103                android:name="com.google.firebase.components:io.flutter.plugins.firebase.core.FlutterFirebaseCoreRegistrar"
103-->[:firebase_core] AndroidManifest.xml:10:17-124
104                android:value="com.google.firebase.components.ComponentRegistrar" />
104-->[:firebase_core] AndroidManifest.xml:11:17-82
105            <meta-data
105-->[com.google.android.gms:play-services-measurement-api:20.0.0] AndroidManifest.xml:30:13-32:85
106                android:name="com.google.firebase.components:com.google.firebase.analytics.connector.internal.AnalyticsConnectorRegistrar"
106-->[com.google.android.gms:play-services-measurement-api:20.0.0] AndroidManifest.xml:31:17-139
107                android:value="com.google.firebase.components.ComponentRegistrar" />
107-->[com.google.android.gms:play-services-measurement-api:20.0.0] AndroidManifest.xml:32:17-82
108            <meta-data
108-->[com.google.firebase:firebase-installations:17.0.0] AndroidManifest.xml:18:13-20:85
109                android:name="com.google.firebase.components:com.google.firebase.installations.FirebaseInstallationsRegistrar"
109-->[com.google.firebase:firebase-installations:17.0.0] AndroidManifest.xml:19:17-127
110                android:value="com.google.firebase.components.ComponentRegistrar" />
110-->[com.google.firebase:firebase-installations:17.0.0] AndroidManifest.xml:20:17-82
111        </service>
112
113        <receiver
113-->[:flutter_local_notifications] AndroidManifest.xml:13:9-15:40
114            android:name="com.dexterous.flutterlocalnotifications.ScheduledNotificationReceiver"
114-->[:flutter_local_notifications] AndroidManifest.xml:14:13-97
115            android:exported="false" />
115-->[:flutter_local_notifications] AndroidManifest.xml:15:13-37
116        <receiver
116-->[:flutter_local_notifications] AndroidManifest.xml:16:9-25:20
117            android:name="com.dexterous.flutterlocalnotifications.ScheduledNotificationBootReceiver"
117-->[:flutter_local_notifications] AndroidManifest.xml:17:13-101
118            android:exported="false" >
118-->[:flutter_local_notifications] AndroidManifest.xml:18:13-37
119            <intent-filter>
119-->[:flutter_local_notifications] AndroidManifest.xml:19:13-24:29
120                <action android:name="android.intent.action.BOOT_COMPLETED" />
120-->[:flutter_local_notifications] AndroidManifest.xml:20:17-79
120-->[:flutter_local_notifications] AndroidManifest.xml:20:25-76
121                <action android:name="android.intent.action.MY_PACKAGE_REPLACED" />
121-->[:flutter_local_notifications] AndroidManifest.xml:21:17-84
121-->[:flutter_local_notifications] AndroidManifest.xml:21:25-81
122                <action android:name="android.intent.action.QUICKBOOT_POWERON" />
122-->[:flutter_local_notifications] AndroidManifest.xml:22:17-82
122-->[:flutter_local_notifications] AndroidManifest.xml:22:25-79
123                <action android:name="com.htc.intent.action.QUICKBOOT_POWERON" />
123-->[:flutter_local_notifications] AndroidManifest.xml:23:17-82
123-->[:flutter_local_notifications] AndroidManifest.xml:23:25-79
124            </intent-filter>
125        </receiver>
126
127        <provider
127-->[com.google.firebase:firebase-common:20.0.0] AndroidManifest.xml:26:9-31:39
128            android:name="com.google.firebase.provider.FirebaseInitProvider"
128-->[com.google.firebase:firebase-common:20.0.0] AndroidManifest.xml:27:13-77
129            android:authorities="com.esportscrystal.esportscrystal.firebaseinitprovider"
129-->[com.google.firebase:firebase-common:20.0.0] AndroidManifest.xml:28:13-72
130            android:directBootAware="true"
130-->[com.google.firebase:firebase-common:20.0.0] AndroidManifest.xml:29:13-43
131            android:exported="false"
131-->[com.google.firebase:firebase-common:20.0.0] AndroidManifest.xml:30:13-37
132            android:initOrder="100" />
132-->[com.google.firebase:firebase-common:20.0.0] AndroidManifest.xml:31:13-36
133
134        <receiver
134-->[com.google.android.gms:play-services-measurement:20.0.0] AndroidManifest.xml:29:9-33:20
135            android:name="com.google.android.gms.measurement.AppMeasurementReceiver"
135-->[com.google.android.gms:play-services-measurement:20.0.0] AndroidManifest.xml:30:13-85
136            android:enabled="true"
136-->[com.google.android.gms:play-services-measurement:20.0.0] AndroidManifest.xml:31:13-35
137            android:exported="false" >
137-->[com.google.android.gms:play-services-measurement:20.0.0] AndroidManifest.xml:32:13-37
138        </receiver>
139
140        <service
140-->[com.google.android.gms:play-services-measurement:20.0.0] AndroidManifest.xml:35:9-38:40
141            android:name="com.google.android.gms.measurement.AppMeasurementService"
141-->[com.google.android.gms:play-services-measurement:20.0.0] AndroidManifest.xml:36:13-84
142            android:enabled="true"
142-->[com.google.android.gms:play-services-measurement:20.0.0] AndroidManifest.xml:37:13-35
143            android:exported="false" />
143-->[com.google.android.gms:play-services-measurement:20.0.0] AndroidManifest.xml:38:13-37
144        <service
144-->[com.google.android.gms:play-services-measurement:20.0.0] AndroidManifest.xml:39:9-43:72
145            android:name="com.google.android.gms.measurement.AppMeasurementJobService"
145-->[com.google.android.gms:play-services-measurement:20.0.0] AndroidManifest.xml:40:13-87
146            android:enabled="true"
146-->[com.google.android.gms:play-services-measurement:20.0.0] AndroidManifest.xml:41:13-35
147            android:exported="false"
147-->[com.google.android.gms:play-services-measurement:20.0.0] AndroidManifest.xml:42:13-37
148            android:permission="android.permission.BIND_JOB_SERVICE" /> <!-- Include the AdActivity and InAppPurchaseActivity configChanges and themes. -->
148-->[com.google.android.gms:play-services-measurement:20.0.0] AndroidManifest.xml:43:13-69
149        <activity
149-->[com.google.android.gms:play-services-ads-lite:20.1.0] AndroidManifest.xml:48:9-52:64
150            android:name="com.google.android.gms.ads.AdActivity"
150-->[com.google.android.gms:play-services-ads-lite:20.1.0] AndroidManifest.xml:49:13-65
151            android:configChanges="keyboard|keyboardHidden|orientation|screenLayout|uiMode|screenSize|smallestScreenSize"
151-->[com.google.android.gms:play-services-ads-lite:20.1.0] AndroidManifest.xml:50:13-122
152            android:exported="false"
152-->[com.google.android.gms:play-services-ads-lite:20.1.0] AndroidManifest.xml:51:13-37
153            android:theme="@android:style/Theme.Translucent" />
153-->[com.google.android.gms:play-services-ads-lite:20.1.0] AndroidManifest.xml:52:13-61
154
155        <provider
155-->[com.google.android.gms:play-services-ads-lite:20.1.0] AndroidManifest.xml:54:9-58:39
156            android:name="com.google.android.gms.ads.MobileAdsInitProvider"
156-->[com.google.android.gms:play-services-ads-lite:20.1.0] AndroidManifest.xml:55:13-76
157            android:authorities="com.esportscrystal.esportscrystal.mobileadsinitprovider"
157-->[com.google.android.gms:play-services-ads-lite:20.1.0] AndroidManifest.xml:56:13-73
158            android:exported="false"
158-->[com.google.android.gms:play-services-ads-lite:20.1.0] AndroidManifest.xml:57:13-37
159            android:initOrder="100" />
159-->[com.google.android.gms:play-services-ads-lite:20.1.0] AndroidManifest.xml:58:13-36
160
161        <service
161-->[com.google.android.gms:play-services-ads-lite:20.1.0] AndroidManifest.xml:60:9-63:40
162            android:name="com.google.android.gms.ads.AdService"
162-->[com.google.android.gms:play-services-ads-lite:20.1.0] AndroidManifest.xml:61:13-64
163            android:enabled="true"
163-->[com.google.android.gms:play-services-ads-lite:20.1.0] AndroidManifest.xml:62:13-35
164            android:exported="false" />
164-->[com.google.android.gms:play-services-ads-lite:20.1.0] AndroidManifest.xml:63:13-37
165
166        <meta-data
166-->[com.google.android.gms:play-services-basement:17.6.0] AndroidManifest.xml:23:9-25:69
167            android:name="com.google.android.gms.version"
167-->[com.google.android.gms:play-services-basement:17.6.0] AndroidManifest.xml:24:13-58
168            android:value="@integer/google_play_services_version" />
168-->[com.google.android.gms:play-services-basement:17.6.0] AndroidManifest.xml:25:13-66
169
170        <provider
170-->[androidx.work:work-runtime:2.1.0] AndroidManifest.xml:30:9-36:35
171            android:name="androidx.work.impl.WorkManagerInitializer"
171-->[androidx.work:work-runtime:2.1.0] AndroidManifest.xml:31:13-69
172            android:authorities="com.esportscrystal.esportscrystal.workmanager-init"
172-->[androidx.work:work-runtime:2.1.0] AndroidManifest.xml:32:13-68
173            android:directBootAware="false"
173-->[androidx.work:work-runtime:2.1.0] AndroidManifest.xml:33:13-44
174            android:exported="false"
174-->[androidx.work:work-runtime:2.1.0] AndroidManifest.xml:34:13-37
175            android:multiprocess="true" />
175-->[androidx.work:work-runtime:2.1.0] AndroidManifest.xml:35:13-40
176
177        <service
177-->[androidx.work:work-runtime:2.1.0] AndroidManifest.xml:38:9-43:35
178            android:name="androidx.work.impl.background.systemalarm.SystemAlarmService"
178-->[androidx.work:work-runtime:2.1.0] AndroidManifest.xml:39:13-88
179            android:directBootAware="false"
179-->[androidx.work:work-runtime:2.1.0] AndroidManifest.xml:40:13-44
180            android:enabled="@bool/enable_system_alarm_service_default"
180-->[androidx.work:work-runtime:2.1.0] AndroidManifest.xml:41:13-72
181            android:exported="false" />
181-->[androidx.work:work-runtime:2.1.0] AndroidManifest.xml:42:13-37
182        <service
182-->[androidx.work:work-runtime:2.1.0] AndroidManifest.xml:44:9-50:35
183            android:name="androidx.work.impl.background.systemjob.SystemJobService"
183-->[androidx.work:work-runtime:2.1.0] AndroidManifest.xml:45:13-84
184            android:directBootAware="false"
184-->[androidx.work:work-runtime:2.1.0] AndroidManifest.xml:46:13-44
185            android:enabled="@bool/enable_system_job_service_default"
185-->[androidx.work:work-runtime:2.1.0] AndroidManifest.xml:47:13-70
186            android:exported="true"
186-->[androidx.work:work-runtime:2.1.0] AndroidManifest.xml:48:13-36
187            android:permission="android.permission.BIND_JOB_SERVICE" />
187-->[androidx.work:work-runtime:2.1.0] AndroidManifest.xml:49:13-69
188
189        <receiver
189-->[androidx.work:work-runtime:2.1.0] AndroidManifest.xml:52:9-57:35
190            android:name="androidx.work.impl.utils.ForceStopRunnable$BroadcastReceiver"
190-->[androidx.work:work-runtime:2.1.0] AndroidManifest.xml:53:13-88
191            android:directBootAware="false"
191-->[androidx.work:work-runtime:2.1.0] AndroidManifest.xml:54:13-44
192            android:enabled="true"
192-->[androidx.work:work-runtime:2.1.0] AndroidManifest.xml:55:13-35
193            android:exported="false" />
193-->[androidx.work:work-runtime:2.1.0] AndroidManifest.xml:56:13-37
194        <receiver
194-->[androidx.work:work-runtime:2.1.0] AndroidManifest.xml:58:9-68:20
195            android:name="androidx.work.impl.background.systemalarm.ConstraintProxy$BatteryChargingProxy"
195-->[androidx.work:work-runtime:2.1.0] AndroidManifest.xml:59:13-106
196            android:directBootAware="false"
196-->[androidx.work:work-runtime:2.1.0] AndroidManifest.xml:60:13-44
197            android:enabled="false"
197-->[androidx.work:work-runtime:2.1.0] AndroidManifest.xml:61:13-36
198            android:exported="false" >
198-->[androidx.work:work-runtime:2.1.0] AndroidManifest.xml:62:13-37
199            <intent-filter>
199-->[androidx.work:work-runtime:2.1.0] AndroidManifest.xml:64:13-67:29
200                <action android:name="android.intent.action.ACTION_POWER_CONNECTED" />
200-->[androidx.work:work-runtime:2.1.0] AndroidManifest.xml:65:17-87
200-->[androidx.work:work-runtime:2.1.0] AndroidManifest.xml:65:25-84
201                <action android:name="android.intent.action.ACTION_POWER_DISCONNECTED" />
201-->[androidx.work:work-runtime:2.1.0] AndroidManifest.xml:66:17-90
201-->[androidx.work:work-runtime:2.1.0] AndroidManifest.xml:66:25-87
202            </intent-filter>
203        </receiver>
204        <receiver
204-->[androidx.work:work-runtime:2.1.0] AndroidManifest.xml:69:9-79:20
205            android:name="androidx.work.impl.background.systemalarm.ConstraintProxy$BatteryNotLowProxy"
205-->[androidx.work:work-runtime:2.1.0] AndroidManifest.xml:70:13-104
206            android:directBootAware="false"
206-->[androidx.work:work-runtime:2.1.0] AndroidManifest.xml:71:13-44
207            android:enabled="false"
207-->[androidx.work:work-runtime:2.1.0] AndroidManifest.xml:72:13-36
208            android:exported="false" >
208-->[androidx.work:work-runtime:2.1.0] AndroidManifest.xml:73:13-37
209            <intent-filter>
209-->[androidx.work:work-runtime:2.1.0] AndroidManifest.xml:75:13-78:29
210                <action android:name="android.intent.action.BATTERY_OKAY" />
210-->[androidx.work:work-runtime:2.1.0] AndroidManifest.xml:76:17-77
210-->[androidx.work:work-runtime:2.1.0] AndroidManifest.xml:76:25-74
211                <action android:name="android.intent.action.BATTERY_LOW" />
211-->[androidx.work:work-runtime:2.1.0] AndroidManifest.xml:77:17-76
211-->[androidx.work:work-runtime:2.1.0] AndroidManifest.xml:77:25-73
212            </intent-filter>
213        </receiver>
214        <receiver
214-->[androidx.work:work-runtime:2.1.0] AndroidManifest.xml:80:9-90:20
215            android:name="androidx.work.impl.background.systemalarm.ConstraintProxy$StorageNotLowProxy"
215-->[androidx.work:work-runtime:2.1.0] AndroidManifest.xml:81:13-104
216            android:directBootAware="false"
216-->[androidx.work:work-runtime:2.1.0] AndroidManifest.xml:82:13-44
217            android:enabled="false"
217-->[androidx.work:work-runtime:2.1.0] AndroidManifest.xml:83:13-36
218            android:exported="false" >
218-->[androidx.work:work-runtime:2.1.0] AndroidManifest.xml:84:13-37
219            <intent-filter>
219-->[androidx.work:work-runtime:2.1.0] AndroidManifest.xml:86:13-89:29
220                <action android:name="android.intent.action.DEVICE_STORAGE_LOW" />
220-->[androidx.work:work-runtime:2.1.0] AndroidManifest.xml:87:17-83
220-->[androidx.work:work-runtime:2.1.0] AndroidManifest.xml:87:25-80
221                <action android:name="android.intent.action.DEVICE_STORAGE_OK" />
221-->[androidx.work:work-runtime:2.1.0] AndroidManifest.xml:88:17-82
221-->[androidx.work:work-runtime:2.1.0] AndroidManifest.xml:88:25-79
222            </intent-filter>
223        </receiver>
224        <receiver
224-->[androidx.work:work-runtime:2.1.0] AndroidManifest.xml:91:9-100:20
225            android:name="androidx.work.impl.background.systemalarm.ConstraintProxy$NetworkStateProxy"
225-->[androidx.work:work-runtime:2.1.0] AndroidManifest.xml:92:13-103
226            android:directBootAware="false"
226-->[androidx.work:work-runtime:2.1.0] AndroidManifest.xml:93:13-44
227            android:enabled="false"
227-->[androidx.work:work-runtime:2.1.0] AndroidManifest.xml:94:13-36
228            android:exported="false" >
228-->[androidx.work:work-runtime:2.1.0] AndroidManifest.xml:95:13-37
229            <intent-filter>
229-->[androidx.work:work-runtime:2.1.0] AndroidManifest.xml:97:13-99:29
230                <action android:name="android.net.conn.CONNECTIVITY_CHANGE" />
230-->[androidx.work:work-runtime:2.1.0] AndroidManifest.xml:98:17-79
230-->[androidx.work:work-runtime:2.1.0] AndroidManifest.xml:98:25-76
231            </intent-filter>
232        </receiver>
233        <receiver
233-->[androidx.work:work-runtime:2.1.0] AndroidManifest.xml:101:9-112:20
234            android:name="androidx.work.impl.background.systemalarm.RescheduleReceiver"
234-->[androidx.work:work-runtime:2.1.0] AndroidManifest.xml:102:13-88
235            android:directBootAware="false"
235-->[androidx.work:work-runtime:2.1.0] AndroidManifest.xml:103:13-44
236            android:enabled="false"
236-->[androidx.work:work-runtime:2.1.0] AndroidManifest.xml:104:13-36
237            android:exported="false" >
237-->[androidx.work:work-runtime:2.1.0] AndroidManifest.xml:105:13-37
238            <intent-filter>
238-->[androidx.work:work-runtime:2.1.0] AndroidManifest.xml:107:13-111:29
239                <action android:name="android.intent.action.BOOT_COMPLETED" />
239-->[:flutter_local_notifications] AndroidManifest.xml:20:17-79
239-->[:flutter_local_notifications] AndroidManifest.xml:20:25-76
240                <action android:name="android.intent.action.TIME_SET" />
240-->[androidx.work:work-runtime:2.1.0] AndroidManifest.xml:109:17-73
240-->[androidx.work:work-runtime:2.1.0] AndroidManifest.xml:109:25-70
241                <action android:name="android.intent.action.TIMEZONE_CHANGED" />
241-->[androidx.work:work-runtime:2.1.0] AndroidManifest.xml:110:17-81
241-->[androidx.work:work-runtime:2.1.0] AndroidManifest.xml:110:25-78
242            </intent-filter>
243        </receiver>
244        <receiver
244-->[androidx.work:work-runtime:2.1.0] AndroidManifest.xml:113:9-122:20
245            android:name="androidx.work.impl.background.systemalarm.ConstraintProxyUpdateReceiver"
245-->[androidx.work:work-runtime:2.1.0] AndroidManifest.xml:114:13-99
246            android:directBootAware="false"
246-->[androidx.work:work-runtime:2.1.0] AndroidManifest.xml:115:13-44
247            android:enabled="@bool/enable_system_alarm_service_default"
247-->[androidx.work:work-runtime:2.1.0] AndroidManifest.xml:116:13-72
248            android:exported="false" >
248-->[androidx.work:work-runtime:2.1.0] AndroidManifest.xml:117:13-37
249            <intent-filter>
249-->[androidx.work:work-runtime:2.1.0] AndroidManifest.xml:119:13-121:29
250                <action android:name="androidx.work.impl.background.systemalarm.UpdateProxies" />
250-->[androidx.work:work-runtime:2.1.0] AndroidManifest.xml:120:17-98
250-->[androidx.work:work-runtime:2.1.0] AndroidManifest.xml:120:25-95
251            </intent-filter>
252        </receiver>
253
254        <service
254-->[androidx.room:room-runtime:2.1.0] AndroidManifest.xml:25:9-27:40
255            android:name="androidx.room.MultiInstanceInvalidationService"
255-->[androidx.room:room-runtime:2.1.0] AndroidManifest.xml:26:13-74
256            android:exported="false" />
256-->[androidx.room:room-runtime:2.1.0] AndroidManifest.xml:27:13-37
257    </application>
258
259</manifest>